<?xml version="1.0" encoding="UTF-8"?>
<testng-results ignored="0" total="4" passed="4" failed="0" skipped="0">
  <reporter-output>
    <line>
      <![CDATA[login with correct cred]]>
    </line>
  </reporter-output>
  <suite started-at="2021-12-16T09:10:31 IST" name="Suite" finished-at="2021-12-16T09:10:36 IST" duration-ms="4928">
    <groups>
    </groups>
    <test started-at="2021-12-16T09:10:31 IST" name="Test" finished-at="2021-12-16T09:10:36 IST" duration-ms="4928">
      <class name="testjava.LoginTest">
        <test-method is-config="true" signature="WebBrowserLaunch()[pri:0, instance:testjava.LoginTest@1b6e1eff]" started-at="2021-12-16T09:10:25 IST" name="WebBrowserLaunch" finished-at="2021-12-16T09:10:31 IST" duration-ms="5876" status="PASS">
          <reporter-output>
          </reporter-output>
        </test-method> <!-- WebBrowserLaunch -->
        <test-method is-config="true" signature="pageObject()[pri:0, instance:testjava.LoginTest@1b6e1eff]" started-at="2021-12-16T09:10:31 IST" name="pageObject" finished-at="2021-12-16T09:10:31 IST" duration-ms="28" status="PASS">
          <reporter-output>
          </reporter-output>
        </test-method> <!-- pageObject -->
        <test-method signature="verifyLoginBtnIsClickable()[pri:0, instance:testjava.LoginTest@1b6e1eff]" started-at="2021-12-16T09:10:31 IST" name="verifyLoginBtnIsClickable" finished-at="2021-12-16T09:10:31 IST" duration-ms="43" status="PASS">
          <reporter-output>
          </reporter-output>
        </test-method> <!-- verifyLoginBtnIsClickable -->
        <test-method signature="verifyLoginPageUrl()[pri:0, instance:testjava.LoginTest@1b6e1eff]" started-at="2021-12-16T09:10:31 IST" name="verifyLoginPageUrl" finished-at="2021-12-16T09:10:31 IST" duration-ms="15" status="PASS">
          <reporter-output>
          </reporter-output>
        </test-method> <!-- verifyLoginPageUrl -->
        <test-method signature="verifyLoginWithCorrectCred()[pri:0, instance:testjava.LoginTest@1b6e1eff]" started-at="2021-12-16T09:10:31 IST" name="verifyLoginWithCorrectCred" finished-at="2021-12-16T09:10:36 IST" duration-ms="4800" status="PASS">
          <reporter-output>
            <line>
              <![CDATA[login with correct cred]]>
            </line>
          </reporter-output>
        </test-method> <!-- verifyLoginWithCorrectCred -->
        <test-method signature="verifyTitleOfLoginPage()[pri:0, instance:testjava.LoginTest@1b6e1eff]" started-at="2021-12-16T09:10:36 IST" name="verifyTitleOfLoginPage" finished-at="2021-12-16T09:10:36 IST" duration-ms="8" status="PASS">
          <reporter-output>
          </reporter-output>
        </test-method> <!-- verifyTitleOfLoginPage -->
        <test-method is-config="true" signature="teardown()[pri:0, instance:testjava.LoginTest@1b6e1eff]" started-at="2021-12-16T09:10:36 IST" name="teardown" finished-at="2021-12-16T09:10:36 IST" duration-ms="654" status="PASS">
          <reporter-output>
          </reporter-output>
        </test-method> <!-- teardown -->
      </class> <!-- testjava.LoginTest -->
    </test> <!-- Test -->
  </suite> <!-- Suite -->
</testng-results>
