<?xml version="1.0" encoding="UTF-8"?>
<!-- Generated by org.testng.reporters.JUnitXMLReporter -->
<testsuite ignored="0" hostname="LAPTOP-J5E37TJF" failures="0" tests="4" name="Test" time="4.928" errors="0" timestamp="2021-12-16T09:10:36 IST">
  <testcase classname="testjava.LoginTest" name="verifyLoginBtnIsClickable" time="0.043"/>
  <testcase classname="testjava.LoginTest" name="verifyLoginPageUrl" time="0.015"/>
  <testcase classname="testjava.LoginTest" name="verifyLoginWithCorrectCred" time="4.8"/>
  <testcase classname="testjava.LoginTest" name="verifyTitleOfLoginPage" time="0.008"/>
</testsuite> <!-- Test -->
