<?xml version="1.0" encoding="UTF-8"?>
<!-- Generated by org.testng.reporters.JUnitXMLReporter -->
<testsuite ignored="0" hostname="LAPTOP-J5E37TJF" failures="0" tests="4" name="Default test" time="4.419" errors="0" timestamp="2021-12-16T09:07:26 IST">
  <testcase classname="testjava.LoginTest" name="verifyLoginBtnIsClickable" time="0.044"/>
  <testcase classname="testjava.LoginTest" name="verifyLoginPageUrl" time="0.009"/>
  <testcase classname="testjava.LoginTest" name="verifyLoginWithCorrectCred" time="4.272"/>
  <testcase classname="testjava.LoginTest" name="verifyTitleOfLoginPage" time="0.011"/>
</testsuite> <!-- Default test -->
